<?xml version="1.0" encoding="UTF-8"?>
<!-- Generated by org.testng.reporters.JUnitXMLReporter -->
<testsuite ignored="5" hostname="DESKTOP-19MK4S1" failures="0" tests="1" name="Default test(failed)" time="21.923" errors="0" timestamp="2023-08-01T13:29:23 IST">
  <testcase classname="com.trello.qspiders.genericutility.BaseClass" name="@BeforeMethod configureBeforeMethod" time="0.146">
    <failure type="org.openqa.selenium.NoSuchElementException" message="no such element: Unable to locate element: {&amp;quot;method&amp;quot;:&amp;quot;xpath&amp;quot;,&amp;quot;selector&amp;quot;:&amp;quot;//a[text()=&amp;apos;Get Trello for free&amp;apos;]/preceding-sibling::a[text()=&amp;apos;Log in&amp;apos;]&amp;quot;}
  (Session info: chrome=115.0.5790.110)
For documentation on this error, please visit: https://selenium.dev/exceptions/#no_such_element
Build info: version: &amp;apos;4.8.3&amp;apos;, revision: &amp;apos;e5e76298c3&amp;apos;
System info: os.name: &amp;apos;Windows 11&amp;apos;, os.arch: &amp;apos;amd64&amp;apos;, os.version: &amp;apos;10.0&amp;apos;, java.version: &amp;apos;18.0.2.1&amp;apos;
Driver info: org.openqa.selenium.chrome.ChromeDriver
Command: [7623e3bb71698b1431f1e6de51c435ca, findElement {using=xpath, value=//a[text()=&amp;apos;Get Trello for free&amp;apos;]/preceding-sibling::a[text()=&amp;apos;Log in&amp;apos;]}]
Capabilities {acceptInsecureCerts: false, browserName: chrome, browserVersion: 115.0.5790.110, chrome: {chromedriverVersion: 114.0.5735.90 (386bc09e8f4f..., userDataDir: C:\Users\JAYANTH\AppData\Lo...}, goog:chromeOptions: {debuggerAddress: localhost:55062}, networkConnectionEnabled: false, pageLoadStrategy: normal, platformName: WINDOWS, proxy: Proxy(), se:cdp: ws://localhost:55062/devtoo..., se:cdpVersion: 115.0.5790.110, setWindowRect: true, strictFileInteractability: false, timeouts: {implicit: 0, pageLoad: 300000, script: 30000}, unhandledPromptBehavior: dismiss and notify, webauthn:extension:credBlob: true, webauthn:extension:largeBlob: true, webauthn:extension:minPinLength: true, webauthn:extension:prf: true, webauthn:virtualAuthenticators: true}
Session ID: 7623e3bb71698b1431f1e6de51c435ca">
      <![CDATA[org.openqa.selenium.NoSuchElementException: no such element: Unable to locate element: {"method":"xpath","selector":"//a[text()='Get Trello for free']/preceding-sibling::a[text()='Log in']"}
  (Session info: chrome=115.0.5790.110)
For documentation on this error, please visit: https://selenium.dev/exceptions/#no_such_element
Build info: version: '4.8.3', revision: 'e5e76298c3'
System info: os.name: 'Windows 11', os.arch: 'amd64', os.version: '10.0', java.version: '18.0.2.1'
Driver info: org.openqa.selenium.chrome.ChromeDriver
Command: [7623e3bb71698b1431f1e6de51c435ca, findElement {using=xpath, value=//a[text()='Get Trello for free']/preceding-sibling::a[text()='Log in']}]
Capabilities {acceptInsecureCerts: false, browserName: chrome, browserVersion: 115.0.5790.110, chrome: {chromedriverVersion: 114.0.5735.90 (386bc09e8f4f..., userDataDir: C:\Users\JAYANTH\AppData\Lo...}, goog:chromeOptions: {debuggerAddress: localhost:55062}, networkConnectionEnabled: false, pageLoadStrategy: normal, platformName: WINDOWS, proxy: Proxy(), se:cdp: ws://localhost:55062/devtoo..., se:cdpVersion: 115.0.5790.110, setWindowRect: true, strictFileInteractability: false, timeouts: {implicit: 0, pageLoad: 300000, script: 30000}, unhandledPromptBehavior: dismiss and notify, webauthn:extension:credBlob: true, webauthn:extension:largeBlob: true, webauthn:extension:minPinLength: true, webauthn:extension:prf: true, webauthn:virtualAuthenticators: true}
Session ID: 7623e3bb71698b1431f1e6de51c435ca
at org.openqa.selenium.remote.codec.w3c.W3CHttpResponseCodec.createException(W3CHttpResponseCodec.java:200)
at org.openqa.selenium.remote.codec.w3c.W3CHttpResponseCodec.decode(W3CHttpResponseCodec.java:133)
at org.openqa.selenium.remote.codec.w3c.W3CHttpResponseCodec.decode(W3CHttpResponseCodec.java:53)
at org.openqa.selenium.remote.HttpCommandExecutor.execute(HttpCommandExecutor.java:193)
at org.openqa.selenium.remote.service.DriverCommandExecutor.invokeExecute(DriverCommandExecutor.java:183)
at org.openqa.selenium.remote.service.DriverCommandExecutor.execute(DriverCommandExecutor.java:158)
at org.openqa.selenium.remote.RemoteWebDriver.execute(RemoteWebDriver.java:543)
at org.openqa.selenium.remote.ElementLocation$ElementFinder$2.findElement(ElementLocation.java:162)
at org.openqa.selenium.remote.ElementLocation.findElement(ElementLocation.java:60)
at org.openqa.selenium.remote.RemoteWebDriver.findElement(RemoteWebDriver.java:352)
at org.openqa.selenium.remote.RemoteWebDriver.findElement(RemoteWebDriver.java:344)
at org.openqa.selenium.support.pagefactory.DefaultElementLocator.findElement(DefaultElementLocator.java:70)
at org.openqa.selenium.support.pagefactory.internal.LocatingElementHandler.invoke(LocatingElementHandler.java:39)
at jdk.proxy2/jdk.proxy2.$Proxy18.click(Unknown Source)
at com.trello.qspiders.genericutility.BaseClass.configureBeforeMethod(BaseClass.java:56)
at java.base/java.util.ArrayList.forEach(ArrayList.java:1511)
... Removed 32 stack frames]]>
    </failure>
  </testcase> <!-- @BeforeMethod configureBeforeMethod -->
  <testcase classname="com.trello.qspiders.genericutility.BaseClass" name="@AfterMethod configureAfterMethod" time="0.0">
    <skipped/>
  </testcase> <!-- @AfterMethod configureAfterMethod -->
  <testcase classname="com.trello.qspiders.genericutility.BaseClass" name="@AfterClass configureAfterClass" time="0.0">
    <skipped/>
  </testcase> <!-- @AfterClass configureAfterClass -->
  <testcase classname="com.trello.qspiders.endtoendtest.TrelloEndToEndTest" name="loginToTrello" time="0.0">
    <skipped/>
  </testcase> <!-- loginToTrello -->
  <testcase classname="com.trello.qspiders.endtoendtest.TrelloEndToEndTest" name="differentiateTheCards" time="0.0">
    <ignored/>
  </testcase> <!-- differentiateTheCards -->
  <testcase classname="com.trello.qspiders.endtoendtest.TrelloEndToEndTest" name="createAndDeleteBoard" time="0.0">
    <ignored/>
  </testcase> <!-- createAndDeleteBoard -->
  <testcase classname="com.trello.qspiders.endtoendtest.TrelloEndToEndTest" name="addDescription" time="0.0">
    <ignored/>
  </testcase> <!-- addDescription -->
  <testcase classname="com.trello.qspiders.endtoendtest.TrelloEndToEndTest" name="addListsToBoard" time="0.0">
    <ignored/>
  </testcase> <!-- addListsToBoard -->
  <testcase classname="com.trello.qspiders.endtoendtest.TrelloEndToEndTest" name="moveCardToLast" time="0.0">
    <ignored/>
  </testcase> <!-- moveCardToLast -->
</testsuite> <!-- Default test(failed) -->
