<?xml version="1.0" encoding="UTF-8"?>
<!-- Generated by org.testng.reporters.JUnitXMLReporter -->
<testsuite ignored="0" hostname="DESKTOP-19MK4S1" failures="1" tests="6" name=" parallel Test" time="40.417" errors="0" timestamp="2023-08-13T11:20:10 IST">
  <testcase classname="com.trello.qspiders.genericutility.BaseClass" name="@AfterMethod configureAfterMethod" time="1.948">
    <failure type="org.openqa.selenium.ElementClickInterceptedException" message="element click intercepted: Element &amp;lt;button class=&amp;quot;YeuvAyHAsucO_n js-open-header-member-menu uKet9wgIeMCzrD bxgKMAm3lq5BpA SEj5vUdI3VvxDc&amp;quot; type=&amp;quot;button&amp;quot; data-testid=&amp;quot;header-member-menu-button&amp;quot; aria-label=&amp;quot;Open member menu&amp;quot;&amp;gt;...&amp;lt;/button&amp;gt; is not clickable at point (1512, 24). Other element would receive the click: &amp;lt;div class=&amp;quot;window-overlay&amp;quot;&amp;gt;...&amp;lt;/div&amp;gt;
  (Session info: chrome=115.0.5790.171)
Build info: version: &amp;apos;4.8.3&amp;apos;, revision: &amp;apos;e5e76298c3&amp;apos;
System info: os.name: &amp;apos;Windows 11&amp;apos;, os.arch: &amp;apos;amd64&amp;apos;, os.version: &amp;apos;10.0&amp;apos;, java.version: &amp;apos;18.0.2.1&amp;apos;
Driver info: org.openqa.selenium.chrome.ChromeDriver
Command: [f0a82297c4da8085e74f130a974b935d, clickElement {id=28ACDD0496494146179CEEE0D8E725BA_element_92}]
Capabilities {acceptInsecureCerts: false, browserName: chrome, browserVersion: 115.0.5790.171, chrome: {chromedriverVersion: 114.0.5735.90 (386bc09e8f4f..., userDataDir: C:\Users\JAYANTH\AppData\Lo...}, goog:chromeOptions: {debuggerAddress: localhost:54835}, networkConnectionEnabled: false, pageLoadStrategy: normal, platformName: WINDOWS, proxy: Proxy(), se:cdp: ws://localhost:54835/devtoo..., se:cdpVersion: 115.0.5790.171, setWindowRect: true, strictFileInteractability: false, timeouts: {implicit: 0, pageLoad: 300000, script: 30000}, unhandledPromptBehavior: dismiss and notify, webauthn:extension:credBlob: true, webauthn:extension:largeBlob: true, webauthn:extension:minPinLength: true, webauthn:extension:prf: true, webauthn:virtualAuthenticators: true}
Element: [[ChromeDriver: chrome on WINDOWS (f0a82297c4da8085e74f130a974b935d)] -&amp;gt; css selector: button[data-testid=&amp;apos;header-member-menu-button&amp;apos;]]
Session ID: f0a82297c4da8085e74f130a974b935d">
      <![CDATA[org.openqa.selenium.ElementClickInterceptedException: element click intercepted: Element <button class="YeuvAyHAsucO_n js-open-header-member-menu uKet9wgIeMCzrD bxgKMAm3lq5BpA SEj5vUdI3VvxDc" type="button" data-testid="header-member-menu-button" aria-label="Open member menu">...</button> is not clickable at point (1512, 24). Other element would receive the click: <div class="window-overlay">...</div>
  (Session info: chrome=115.0.5790.171)
Build info: version: '4.8.3', revision: 'e5e76298c3'
System info: os.name: 'Windows 11', os.arch: 'amd64', os.version: '10.0', java.version: '18.0.2.1'
Driver info: org.openqa.selenium.chrome.ChromeDriver
Command: [f0a82297c4da8085e74f130a974b935d, clickElement {id=28ACDD0496494146179CEEE0D8E725BA_element_92}]
Capabilities {acceptInsecureCerts: false, browserName: chrome, browserVersion: 115.0.5790.171, chrome: {chromedriverVersion: 114.0.5735.90 (386bc09e8f4f..., userDataDir: C:\Users\JAYANTH\AppData\Lo...}, goog:chromeOptions: {debuggerAddress: localhost:54835}, networkConnectionEnabled: false, pageLoadStrategy: normal, platformName: WINDOWS, proxy: Proxy(), se:cdp: ws://localhost:54835/devtoo..., se:cdpVersion: 115.0.5790.171, setWindowRect: true, strictFileInteractability: false, timeouts: {implicit: 0, pageLoad: 300000, script: 30000}, unhandledPromptBehavior: dismiss and notify, webauthn:extension:credBlob: true, webauthn:extension:largeBlob: true, webauthn:extension:minPinLength: true, webauthn:extension:prf: true, webauthn:virtualAuthenticators: true}
Element: [[ChromeDriver: chrome on WINDOWS (f0a82297c4da8085e74f130a974b935d)] -> css selector: button[data-testid='header-member-menu-button']]
Session ID: f0a82297c4da8085e74f130a974b935d
at org.openqa.selenium.remote.codec.w3c.W3CHttpResponseCodec.createException(W3CHttpResponseCodec.java:200)
at org.openqa.selenium.remote.codec.w3c.W3CHttpResponseCodec.decode(W3CHttpResponseCodec.java:133)
at org.openqa.selenium.remote.codec.w3c.W3CHttpResponseCodec.decode(W3CHttpResponseCodec.java:53)
at org.openqa.selenium.remote.HttpCommandExecutor.execute(HttpCommandExecutor.java:193)
at org.openqa.selenium.remote.service.DriverCommandExecutor.invokeExecute(DriverCommandExecutor.java:183)
at org.openqa.selenium.remote.service.DriverCommandExecutor.execute(DriverCommandExecutor.java:158)
at org.openqa.selenium.remote.RemoteWebDriver.execute(RemoteWebDriver.java:543)
at org.openqa.selenium.remote.RemoteWebElement.execute(RemoteWebElement.java:257)
at org.openqa.selenium.remote.RemoteWebElement.click(RemoteWebElement.java:78)
at org.openqa.selenium.support.pagefactory.internal.LocatingElementHandler.invoke(LocatingElementHandler.java:52)
at jdk.proxy2/jdk.proxy2.$Proxy18.click(Unknown Source)
at com.trello.qspiders.genericutility.BaseClass.configureAfterMethod(BaseClass.java:71)
at java.base/java.util.concurrent.ThreadPoolExecutor.runWorker(ThreadPoolExecutor.java:1136)
at java.base/java.util.concurrent.ThreadPoolExecutor$Worker.run(ThreadPoolExecutor.java:635)
at java.base/java.lang.Thread.run(Thread.java:833)
... Removed 20 stack frames]]>
    </failure>
  </testcase> <!-- @AfterMethod configureAfterMethod -->
  <testcase classname="com.trello.qspiders.genericutility.BaseClass" name="@BeforeMethod configureBeforeMethod" time="0.0">
    <skipped/>
  </testcase> <!-- @BeforeMethod configureBeforeMethod -->
  <testcase classname="com.trello.qspiders.genericutility.BaseClass" name="@AfterMethod configureAfterMethod" time="0.0">
    <skipped/>
  </testcase> <!-- @AfterMethod configureAfterMethod -->
  <testcase classname="com.trello.qspiders.genericutility.BaseClass" name="@BeforeMethod configureBeforeMethod" time="0.0">
    <skipped/>
  </testcase> <!-- @BeforeMethod configureBeforeMethod -->
  <testcase classname="com.trello.qspiders.genericutility.BaseClass" name="@AfterMethod configureAfterMethod" time="0.0">
    <skipped/>
  </testcase> <!-- @AfterMethod configureAfterMethod -->
  <testcase classname="com.trello.qspiders.genericutility.BaseClass" name="@BeforeMethod configureBeforeMethod" time="0.0">
    <skipped/>
  </testcase> <!-- @BeforeMethod configureBeforeMethod -->
  <testcase classname="com.trello.qspiders.genericutility.BaseClass" name="@AfterMethod configureAfterMethod" time="0.0">
    <skipped/>
  </testcase> <!-- @AfterMethod configureAfterMethod -->
  <testcase classname="com.trello.qspiders.genericutility.BaseClass" name="@BeforeMethod configureBeforeMethod" time="0.0">
    <skipped/>
  </testcase> <!-- @BeforeMethod configureBeforeMethod -->
  <testcase classname="com.trello.qspiders.genericutility.BaseClass" name="@AfterMethod configureAfterMethod" time="0.0">
    <skipped/>
  </testcase> <!-- @AfterMethod configureAfterMethod -->
  <testcase classname="com.trello.qspiders.genericutility.BaseClass" name="@BeforeMethod configureBeforeMethod" time="0.0">
    <skipped/>
  </testcase> <!-- @BeforeMethod configureBeforeMethod -->
  <testcase classname="com.trello.qspiders.genericutility.BaseClass" name="@AfterMethod configureAfterMethod" time="0.0">
    <skipped/>
  </testcase> <!-- @AfterMethod configureAfterMethod -->
  <testcase classname="com.trello.qspiders.genericutility.BaseClass" name="@AfterClass configureAfterClass" time="0.0">
    <skipped/>
  </testcase> <!-- @AfterClass configureAfterClass -->
  <testcase classname="com.trello.qspiders.endtoendtest.TrelloEndToEndTest" name="addDescription" time="18.248">
    <failure type="org.openqa.selenium.ElementNotInteractableException" message="element not interactable: https://trello.com/c/Whu4wqih/38-nosuchelementexception-selenium# has no size and location
  (Session info: chrome=115.0.5790.171)
Build info: version: &amp;apos;4.8.3&amp;apos;, revision: &amp;apos;e5e76298c3&amp;apos;
System info: os.name: &amp;apos;Windows 11&amp;apos;, os.arch: &amp;apos;amd64&amp;apos;, os.version: &amp;apos;10.0&amp;apos;, java.version: &amp;apos;18.0.2.1&amp;apos;
Driver info: org.openqa.selenium.chrome.ChromeDriver
Command: [f0a82297c4da8085e74f130a974b935d, actions {actions=[org.openqa.selenium.interactions.Sequence@4d2cd1a7, org.openqa.selenium.interactions.Sequence@629ec833]}]
Capabilities {acceptInsecureCerts: false, browserName: chrome, browserVersion: 115.0.5790.171, chrome: {chromedriverVersion: 114.0.5735.90 (386bc09e8f4f..., userDataDir: C:\Users\JAYANTH\AppData\Lo...}, goog:chromeOptions: {debuggerAddress: localhost:54835}, networkConnectionEnabled: false, pageLoadStrategy: normal, platformName: WINDOWS, proxy: Proxy(), se:cdp: ws://localhost:54835/devtoo..., se:cdpVersion: 115.0.5790.171, setWindowRect: true, strictFileInteractability: false, timeouts: {implicit: 0, pageLoad: 300000, script: 30000}, unhandledPromptBehavior: dismiss and notify, webauthn:extension:credBlob: true, webauthn:extension:largeBlob: true, webauthn:extension:minPinLength: true, webauthn:extension:prf: true, webauthn:virtualAuthenticators: true}
Session ID: f0a82297c4da8085e74f130a974b935d">
      <![CDATA[org.openqa.selenium.ElementNotInteractableException: element not interactable: https://trello.com/c/Whu4wqih/38-nosuchelementexception-selenium# has no size and location
  (Session info: chrome=115.0.5790.171)
Build info: version: '4.8.3', revision: 'e5e76298c3'
System info: os.name: 'Windows 11', os.arch: 'amd64', os.version: '10.0', java.version: '18.0.2.1'
Driver info: org.openqa.selenium.chrome.ChromeDriver
Command: [f0a82297c4da8085e74f130a974b935d, actions {actions=[org.openqa.selenium.interactions.Sequence@4d2cd1a7, org.openqa.selenium.interactions.Sequence@629ec833]}]
Capabilities {acceptInsecureCerts: false, browserName: chrome, browserVersion: 115.0.5790.171, chrome: {chromedriverVersion: 114.0.5735.90 (386bc09e8f4f..., userDataDir: C:\Users\JAYANTH\AppData\Lo...}, goog:chromeOptions: {debuggerAddress: localhost:54835}, networkConnectionEnabled: false, pageLoadStrategy: normal, platformName: WINDOWS, proxy: Proxy(), se:cdp: ws://localhost:54835/devtoo..., se:cdpVersion: 115.0.5790.171, setWindowRect: true, strictFileInteractability: false, timeouts: {implicit: 0, pageLoad: 300000, script: 30000}, unhandledPromptBehavior: dismiss and notify, webauthn:extension:credBlob: true, webauthn:extension:largeBlob: true, webauthn:extension:minPinLength: true, webauthn:extension:prf: true, webauthn:virtualAuthenticators: true}
Session ID: f0a82297c4da8085e74f130a974b935d
at org.openqa.selenium.remote.codec.w3c.W3CHttpResponseCodec.createException(W3CHttpResponseCodec.java:200)
at org.openqa.selenium.remote.codec.w3c.W3CHttpResponseCodec.decode(W3CHttpResponseCodec.java:133)
at org.openqa.selenium.remote.codec.w3c.W3CHttpResponseCodec.decode(W3CHttpResponseCodec.java:53)
at org.openqa.selenium.remote.HttpCommandExecutor.execute(HttpCommandExecutor.java:193)
at org.openqa.selenium.remote.service.DriverCommandExecutor.invokeExecute(DriverCommandExecutor.java:183)
at org.openqa.selenium.remote.service.DriverCommandExecutor.execute(DriverCommandExecutor.java:158)
at org.openqa.selenium.remote.RemoteWebDriver.execute(RemoteWebDriver.java:543)
at org.openqa.selenium.remote.RemoteWebDriver.perform(RemoteWebDriver.java:611)
at org.openqa.selenium.interactions.Actions$BuiltAction.perform(Actions.java:567)
at com.trello.qspiders.endtoendtest.TrelloEndToEndTest.addDescription(TrelloEndToEndTest.java:123)
at java.base/java.util.concurrent.ThreadPoolExecutor.runWorker(ThreadPoolExecutor.java:1136)
at java.base/java.util.concurrent.ThreadPoolExecutor$Worker.run(ThreadPoolExecutor.java:635)
at java.base/java.lang.Thread.run(Thread.java:833)
... Removed 13 stack frames]]>
    </failure>
  </testcase> <!-- addDescription -->
  <testcase classname="com.trello.qspiders.endtoendtest.TrelloEndToEndTest" name="addListsToBoard" time="0.0">
    <skipped/>
  </testcase> <!-- addListsToBoard -->
  <testcase classname="com.trello.qspiders.endtoendtest.TrelloEndToEndTest" name="createAndDeleteBoard" time="0.0">
    <skipped/>
  </testcase> <!-- createAndDeleteBoard -->
  <testcase classname="com.trello.qspiders.endtoendtest.TrelloEndToEndTest" name="differentiateTheCards" time="0.0">
    <skipped/>
  </testcase> <!-- differentiateTheCards -->
  <testcase classname="com.trello.qspiders.endtoendtest.TrelloEndToEndTest" name="loginToTrello" time="0.0">
    <skipped/>
  </testcase> <!-- loginToTrello -->
  <testcase classname="com.trello.qspiders.endtoendtest.TrelloEndToEndTest" name="moveCardToLast" time="0.0">
    <skipped/>
  </testcase> <!-- moveCardToLast -->
</testsuite> <!--  parallel Test -->
