<?xml version="1.0" encoding="UTF-8"?>
<!-- Generated by org.testng.reporters.JUnitXMLReporter -->
<testsuite ignored="5" hostname="DESKTOP-19MK4S1" failures="0" tests="2" name="Parallel Test" time="19.164" errors="0" timestamp="2024-01-01T12:10:10 IST">
  <testcase classname="com.trello.qspiders.genericutility.BaseClass" name="@BeforeMethod configureBeforeMethod" time="6.934">
    <failure type="org.openqa.selenium.StaleElementReferenceException" message="stale element reference: stale element not found
  (Session info: chrome=120.0.6099.130)
For documentation on this error, please visit: https://www.selenium.dev/documentation/webdriver/troubleshooting/errors#stale-element-reference-exception
Build info: version: &amp;apos;4.12.1&amp;apos;, revision: &amp;apos;8e34639b11&amp;apos;
System info: os.name: &amp;apos;Windows 11&amp;apos;, os.arch: &amp;apos;amd64&amp;apos;, os.version: &amp;apos;10.0&amp;apos;, java.version: &amp;apos;18.0.2.1&amp;apos;
Driver info: org.openqa.selenium.chrome.ChromeDriver
Command: [f701b029a4cc8888ee0f5618dba6ab0f, clickElement {id=C24730CCABDC666C460F7C474F0F5E55_element_36}]
Capabilities {acceptInsecureCerts: false, browserName: chrome, browserVersion: 120.0.6099.130, chrome: {chromedriverVersion: 120.0.6099.109 (3419140ab66..., userDataDir: C:\Users\JAYANTH\AppData\Lo...}, fedcm:accounts: true, goog:chromeOptions: {debuggerAddress: localhost:64623}, networkConnectionEnabled: false, pageLoadStrategy: normal, platformName: windows, proxy: Proxy(), se:cdp: ws://localhost:64623/devtoo..., se:cdpVersion: 120.0.6099.130, setWindowRect: true, strictFileInteractability: false, timeouts: {implicit: 0, pageLoad: 300000, script: 30000}, unhandledPromptBehavior: dismiss and notify, webauthn:extension:credBlob: true, webauthn:extension:largeBlob: true, webauthn:extension:minPinLength: true, webauthn:extension:prf: true, webauthn:virtualAuthenticators: true}
Element: [[ChromeDriver: chrome on windows (f701b029a4cc8888ee0f5618dba6ab0f)] -&amp;gt; xpath: //a[text()=&amp;apos;Get Trello for free&amp;apos;]/preceding-sibling::a[text()=&amp;apos;Log in&amp;apos;]]
Session ID: f701b029a4cc8888ee0f5618dba6ab0f">
      <![CDATA[org.openqa.selenium.StaleElementReferenceException: stale element reference: stale element not found
  (Session info: chrome=120.0.6099.130)
For documentation on this error, please visit: https://www.selenium.dev/documentation/webdriver/troubleshooting/errors#stale-element-reference-exception
Build info: version: '4.12.1', revision: '8e34639b11'
System info: os.name: 'Windows 11', os.arch: 'amd64', os.version: '10.0', java.version: '18.0.2.1'
Driver info: org.openqa.selenium.chrome.ChromeDriver
Command: [f701b029a4cc8888ee0f5618dba6ab0f, clickElement {id=C24730CCABDC666C460F7C474F0F5E55_element_36}]
Capabilities {acceptInsecureCerts: false, browserName: chrome, browserVersion: 120.0.6099.130, chrome: {chromedriverVersion: 120.0.6099.109 (3419140ab66..., userDataDir: C:\Users\JAYANTH\AppData\Lo...}, fedcm:accounts: true, goog:chromeOptions: {debuggerAddress: localhost:64623}, networkConnectionEnabled: false, pageLoadStrategy: normal, platformName: windows, proxy: Proxy(), se:cdp: ws://localhost:64623/devtoo..., se:cdpVersion: 120.0.6099.130, setWindowRect: true, strictFileInteractability: false, timeouts: {implicit: 0, pageLoad: 300000, script: 30000}, unhandledPromptBehavior: dismiss and notify, webauthn:extension:credBlob: true, webauthn:extension:largeBlob: true, webauthn:extension:minPinLength: true, webauthn:extension:prf: true, webauthn:virtualAuthenticators: true}
Element: [[ChromeDriver: chrome on windows (f701b029a4cc8888ee0f5618dba6ab0f)] -> xpath: //a[text()='Get Trello for free']/preceding-sibling::a[text()='Log in']]
Session ID: f701b029a4cc8888ee0f5618dba6ab0f
at org.openqa.selenium.remote.codec.w3c.W3CHttpResponseCodec.createException(W3CHttpResponseCodec.java:200)
at org.openqa.selenium.remote.codec.w3c.W3CHttpResponseCodec.decode(W3CHttpResponseCodec.java:133)
at org.openqa.selenium.remote.codec.w3c.W3CHttpResponseCodec.decode(W3CHttpResponseCodec.java:52)
at org.openqa.selenium.remote.HttpCommandExecutor.execute(HttpCommandExecutor.java:191)
at org.openqa.selenium.remote.service.DriverCommandExecutor.invokeExecute(DriverCommandExecutor.java:196)
at org.openqa.selenium.remote.service.DriverCommandExecutor.execute(DriverCommandExecutor.java:171)
at org.openqa.selenium.remote.RemoteWebDriver.execute(RemoteWebDriver.java:602)
at org.openqa.selenium.remote.RemoteWebElement.execute(RemoteWebElement.java:224)
at org.openqa.selenium.remote.RemoteWebElement.click(RemoteWebElement.java:77)
at org.openqa.selenium.support.pagefactory.internal.LocatingElementHandler.invoke(LocatingElementHandler.java:51)
at jdk.proxy2/jdk.proxy2.$Proxy18.click(Unknown Source)
at com.trello.qspiders.genericutility.BaseClass.configureBeforeMethod(BaseClass.java:58)
at java.base/java.util.concurrent.ThreadPoolExecutor.runWorker(ThreadPoolExecutor.java:1136)
at java.base/java.util.concurrent.ThreadPoolExecutor$Worker.run(ThreadPoolExecutor.java:635)
at java.base/java.lang.Thread.run(Thread.java:833)
... Removed 19 stack frames]]>
    </failure>
  </testcase> <!-- @BeforeMethod configureBeforeMethod -->
  <testcase classname="com.trello.qspiders.genericutility.BaseClass" name="@AfterMethod configureAfterMethod" time="0.0">
    <skipped/>
  </testcase> <!-- @AfterMethod configureAfterMethod -->
  <testcase classname="com.trello.qspiders.genericutility.BaseClass" name="@AfterMethod configureAfterMethod" time="0.0">
    <skipped/>
  </testcase> <!-- @AfterMethod configureAfterMethod -->
  <testcase classname="com.trello.qspiders.genericutility.BaseClass" name="@AfterClass configureAfterClass" time="0.0">
    <skipped/>
  </testcase> <!-- @AfterClass configureAfterClass -->
  <testcase classname="com.trello.qspiders.endtoendtest.TrelloEndToEndTest" name="loginToTrello" time="0.0">
    <skipped/>
  </testcase> <!-- loginToTrello -->
  <testcase classname="com.trello.qspiders.endtoendtest.TrelloEndToEndTest" name="createAndDeleteBoard" time="0.0">
    <skipped/>
  </testcase> <!-- createAndDeleteBoard -->
  <testcase classname="com.trello.qspiders.endtoendtest.TrelloEndToEndTest" name="addListsToBoard" time="0.0">
    <ignored/>
  </testcase> <!-- addListsToBoard -->
  <testcase classname="com.trello.qspiders.endtoendtest.TrelloEndToEndTest" name="addDescription" time="0.0">
    <ignored/>
  </testcase> <!-- addDescription -->
  <testcase classname="com.trello.qspiders.endtoendtest.TrelloEndToEndTest" name="addLabels" time="0.0">
    <ignored/>
  </testcase> <!-- addLabels -->
  <testcase classname="com.trello.qspiders.endtoendtest.TrelloEndToEndTest" name="differentiateTheCards" time="0.0">
    <ignored/>
  </testcase> <!-- differentiateTheCards -->
  <testcase classname="com.trello.qspiders.endtoendtest.TrelloEndToEndTest" name="moveCardToLast" time="0.0">
    <ignored/>
  </testcase> <!-- moveCardToLast -->
</testsuite> <!-- Parallel Test -->
